<?xml version="1.0" encoding="UTF-8"?>
<!-- Generated by org.testng.reporters.JUnitReportReporter -->
<testsuite skipped="0" hostname="DESKTOP-BGE7FLA" name="Test.DemoA" tests="1" failures="0" timestamp="27 May 2019 14:22:44 GMT" time="0.028" errors="0">
  <testcase name="testA" time="0.028" classname="Test.DemoA"/>
</testsuite> <!-- Test.DemoA -->
